<?xml version="1.0" encoding="UTF-8" ?>
<testsuite tests="4" failures="0" name="com.karma.test.ShipmentRTest" time="0.101" errors="0" skipped="0">
  <properties>
    <property name="java.runtime.name" value="OpenJDK Runtime Environment"/>
    <property name="sun.boot.library.path" value="C:\Program Files\Java\java-1.8\jre\bin"/>
    <property name="java.vm.version" value="25.181-b13"/>
    <property name="java.vm.vendor" value="Oracle Corporation"/>
    <property name="maven.multiModuleProjectDirectory" value="C:\Projects\POC\JAVA\karma-poc"/>
    <property name="java.vendor.url" value="http://java.oracle.com/"/>
    <property name="path.separator" value=";"/>
    <property name="guice.disable.misplaced.annotation.check" value="true"/>
    <property name="java.vm.name" value="OpenJDK 64-Bit Server VM"/>
    <property name="file.encoding.pkg" value="sun.io"/>
    <property name="user.script" value=""/>
    <property name="user.country" value="US"/>
    <property name="sun.java.launcher" value="SUN_STANDARD"/>
    <property name="sun.os.patch.level" value=""/>
    <property name="java.vm.specification.name" value="Java Virtual Machine Specification"/>
    <property name="user.dir" value="C:\Projects\POC\JAVA\karma-poc"/>
    <property name="java.runtime.version" value="1.8.0_181-1-redhat-b13"/>
    <property name="java.awt.graphicsenv" value="sun.awt.Win32GraphicsEnvironment"/>
    <property name="java.endorsed.dirs" value="C:\Program Files\Java\java-1.8\jre\lib\endorsed"/>
    <property name="os.arch" value="amd64"/>
    <property name="java.io.tmpdir" value="C:\Users\nigamaka\AppData\Local\Temp\"/>
    <property name="line.separator" value="
"/>
    <property name="java.vm.specification.vendor" value="Oracle Corporation"/>
    <property name="user.variant" value=""/>
    <property name="os.name" value="Windows 10"/>
    <property name="classworlds.conf" value="C:\Projects\microservice\maven\apache-maven-3.6.2\bin\..\bin\m2.conf"/>
    <property name="sun.jnu.encoding" value="Cp1252"/>
    <property name="java.library.path" value="C:\Program Files\Java\java-1.8\bin;C:\Windows\Sun\Java\bin;C:\Windows\system32;C:\Windows;C:\Program Files (x86)\Common Files\Oracle\Java\javapath;C:\Program Files (x86)\Intel\iCLS Client\;C:\Program Files\Intel\iCLS Client\;C:\Windows\system32;C:\Windows;C:\Windows\System32\Wbem;C:\Windows\System32\WindowsPowerShell\v1.0\;C:\Windows\System32\OpenSSH\;C:\Program Files (x86)\Intel\Intel(R) Management Engine Components\DAL;C:\Program Files\Intel\Intel(R) Management Engine Components\DAL;C:\Program Files (x86)\Intel\Intel(R) Management Engine Components\IPT;C:\Program Files\Intel\Intel(R) Management Engine Components\IPT;C:\ProgramData\chocolatey\bin;C:\Users\nigamaka\Downloads\Software\apache-zookeeper-3.5.5-bin\bin;C:\Projects\microservice\vertx\bin;C:\Projects\microservice\maven\apache-maven-3.6.2\bin;C:\software\nginx-1.17.4\nginx-1.17.4;C:\Program Files\PuTTY\;C:\Program Files\Kubernetes\Minikube;C:\Program Files\Git\cmd;C:\Program Files (x86)\Geth;C:\Projects\Elevate\net;%ANDROID_HOME%\bin;C:\Program Files\Microsoft SQL Server\130\Tools\Binn\;C:\Program Files (x86)\Microsoft Visual Studio\2017\Enterprise\MSBuild\15.0\Bin;C:\Program Files\dotnet\;C:\Program Files (x86)\MSBuild\12.0\Bin;C:\Program Files (x86)\NUnit.org\nunit-console;C:\Program Files\OpenSSL-Win64\bin;C:\Projects\POC\SEAM\jboss-as-7.1.1.Final;C:\Users\nigamaka\Downloads\flutter_windows_1.20.3-stable\flutter\bin;C:\Program Files (x86)\Pulse Secure\VC142.CRT\X64\;C:\Program Files (x86)\Pulse Secure\VC142.CRT\X86\;C:\Users\nigamaka\AppData\Local\Android\Sdk\platform-tools;C:\Program Files\nodejs\;C:\Program Files\Java\java-1.8\bin;C:\Users\nigamaka\AppData\Local\Microsoft\WindowsApps;C:\Users\nigamaka\AppData\Local\Programs\Microsoft VS Code\bin;C:\Users\nigamaka\AppData\Local\GitHubDesktop\bin;C:\Users\nigamaka\.dotnet\tools;C:\Users\nigamaka\AppData\Roaming\npm;."/>
    <property name="maven.conf" value="C:\Projects\microservice\maven\apache-maven-3.6.2\bin\../conf"/>
    <property name="java.specification.name" value="Java Platform API Specification"/>
    <property name="java.class.version" value="52.0"/>
    <property name="sun.management.compiler" value="HotSpot 64-Bit Tiered Compilers"/>
    <property name="os.version" value="10.0"/>
    <property name="library.jansi.path" value="C:\Projects\microservice\maven\apache-maven-3.6.2\bin\..\lib\jansi-native"/>
    <property name="user.home" value="C:\Users\nigamaka"/>
    <property name="user.timezone" value="Asia/Calcutta"/>
    <property name="java.awt.printerjob" value="sun.awt.windows.WPrinterJob"/>
    <property name="java.specification.version" value="1.8"/>
    <property name="file.encoding" value="Cp1252"/>
    <property name="user.name" value="NigamAka"/>
    <property name="java.class.path" value="C:\Projects\microservice\maven\apache-maven-3.6.2\bin\..\boot\plexus-classworlds-2.6.0.jar"/>
    <property name="java.vm.specification.version" value="1.8"/>
    <property name="sun.arch.data.model" value="64"/>
    <property name="java.home" value="C:\Program Files\Java\java-1.8\jre"/>
    <property name="sun.java.command" value="org.codehaus.plexus.classworlds.launcher.Launcher clean package"/>
    <property name="java.specification.vendor" value="Oracle Corporation"/>
    <property name="user.language" value="en"/>
    <property name="awt.toolkit" value="sun.awt.windows.WToolkit"/>
    <property name="java.vm.info" value="mixed mode"/>
    <property name="java.version" value="1.8.0_181-1-redhat"/>
    <property name="java.ext.dirs" value="C:\Program Files\Java\java-1.8\jre\lib\ext;C:\Windows\Sun\Java\lib\ext"/>
    <property name="sun.boot.class.path" value="C:\Program Files\Java\java-1.8\jre\lib\resources.jar;C:\Program Files\Java\java-1.8\jre\lib\rt.jar;C:\Program Files\Java\java-1.8\jre\lib\sunrsasign.jar;C:\Program Files\Java\java-1.8\jre\lib\jsse.jar;C:\Program Files\Java\java-1.8\jre\lib\jce.jar;C:\Program Files\Java\java-1.8\jre\lib\charsets.jar;C:\Program Files\Java\java-1.8\jre\lib\jfr.jar;C:\Program Files\Java\java-1.8\jre\classes"/>
    <property name="sun.stderr.encoding" value="cp437"/>
    <property name="java.vendor" value="Oracle Corporation"/>
    <property name="maven.home" value="C:\Projects\microservice\maven\apache-maven-3.6.2\bin\.."/>
    <property name="file.separator" value="\"/>
    <property name="java.vendor.url.bug" value="http://bugreport.sun.com/bugreport/"/>
    <property name="sun.cpu.endian" value="little"/>
    <property name="sun.io.unicode.encoding" value="UnicodeLittle"/>
    <property name="sun.stdout.encoding" value="cp437"/>
    <property name="sun.desktop" value="windows"/>
    <property name="sun.cpu.isalist" value="amd64"/>
  </properties>
  <testcase classname="com.karma.test.ShipmentRTest" name="shouldNotReplaceMissingItems" time="0.101"/>
  <testcase classname="com.karma.test.ShipmentRTest" name="shouldIdentifyVanRequirement" time="0"/>
  <testcase classname="com.karma.test.ShipmentRTest" name="shouldReplaceItem" time="0"/>
  <testcase classname="com.karma.test.ShipmentRTest" name="shouldAddItems" time="0"/>
</testsuite>